#
# There is insufficient memory for the Java Runtime Environment to continue.
# Native memory allocation (malloc) failed to allocate 1146256 bytes. Error detail: Chunk::new
# Possible reasons:
#   The system is out of physical RAM or swap space
#   This process is running with CompressedOops enabled, and the Java Heap may be blocking the growth of the native heap
# Possible solutions:
#   Reduce memory load on the system
#   Increase physical memory or swap space
#   Check if swap backing store is full
#   Decrease Java heap size (-Xmx/-Xms)
#   Decrease number of Java threads
#   Decrease Java thread stack sizes (-Xss)
#   Set larger code cache with -XX:ReservedCodeCacheSize=
#   JVM is running with Unscaled Compressed Oops mode in which the Java heap is
#     placed in the first 4GB address space. The Java Heap base address is the
#     maximum limit for the native heap growth. Please use -XX:HeapBaseMinAddress
#     to set the Java Heap base and to place the Java Heap above 4GB virtual address.
# This output file may be truncated or incomplete.
#
#  Out of Memory Error (arena.cpp:191), pid=15632, tid=18304
#
# JRE version: OpenJDK Runtime Environment Temurin-17.0.18+8 (17.0.18+8) (build 17.0.18+8)
# Java VM: OpenJDK 64-Bit Server VM Temurin-17.0.18+8 (17.0.18+8, mixed mode, sharing, tiered, compressed oops, compressed class ptrs, g1 gc, windows-amd64)
# No core dump will be written. Minidumps are not enabled by default on client versions of Windows
#

---------------  S U M M A R Y ------------

Command Line: C:\Users\Lenovo\AppData\Local\Temp\surefire18290615667298129132\surefirebooter-20260610180625994_3.jar C:\Users\Lenovo\AppData\Local\Temp\surefire18290615667298129132 2026-06-10T18-06-23_242-jvmRun1 surefire-20260610180625994_1tmp surefire_0-20260610180625994_2tmp

Host: Intel(R) Core(TM) i5-7200U CPU @ 2.50GHz, 4 cores, 7G,  Windows 10 , 64 bit Build 19041 (10.0.19041.5915)
Time: Wed Jun 10 18:07:18 2026 India Standard Time elapsed time: 50.344526 seconds (0d 0h 0m 50s)

---------------  T H R E A D  ---------------

Current thread (0x0000020c46e6f650):  JavaThread "C2 CompilerThread0" daemon [_thread_in_native, id=18304, stack(0x0000006806000000,0x0000006806100000)]


Current CompileTask:
C2:50347 7159       4       org.springframework.core.annotation.AnnotatedElementUtils::getMergedAnnotationAttributes (22 bytes)

Stack: [0x0000006806000000,0x0000006806100000]
Native frames: (J=compiled Java code, j=interpreted, Vv=VM code, C=native code)
V  [jvm.dll+0x6846f9]
V  [jvm.dll+0x839ea5]
V  [jvm.dll+0x83b91e]
V  [jvm.dll+0x83bfa3]
V  [jvm.dll+0x248eff]
V  [jvm.dll+0xad496]
V  [jvm.dll+0xadb3c]
V  [jvm.dll+0x368bcf]
V  [jvm.dll+0x333055]
V  [jvm.dll+0x3324ba]
V  [jvm.dll+0x219db9]
V  [jvm.dll+0x219200]
V  [jvm.dll+0x1a4920]
V  [jvm.dll+0x22989a]
V  [jvm.dll+0x227a4b]
V  [jvm.dll+0x7f0658]
V  [jvm.dll+0x7eaaec]
V  [jvm.dll+0x6835c7]
C  [ucrtbase.dll+0x21bb2]
C  [KERNEL32.DLL+0x17374]
C  [ntdll.dll+0x4cc91]


---------------  P R O C E S S  ---------------

Threads class SMR info:
_java_thread_list=0x0000020c8ceb6a30, length=16, elements={
0x0000020c29391990, 0x0000020c46e4f800, 0x0000020c46e502d0, 0x0000020c46e67ee0,
0x0000020c46e6afe0, 0x0000020c46e6b8b0, 0x0000020c46e6c180, 0x0000020c46e6f650,
0x0000020c46e70010, 0x0000020c8c008070, 0x0000020c8c05ac80, 0x0000020c8c05fc20,
0x0000020c8c1ff6f0, 0x0000020c8c3fa820, 0x0000020c8e098120, 0x0000020c8e098630
}

Java Threads: ( => current thread )
  0x0000020c29391990 JavaThread "main" [_thread_in_vm, id=16072, stack(0x0000006805300000,0x0000006805400000)]
  0x0000020c46e4f800 JavaThread "Reference Handler" daemon [_thread_blocked, id=17492, stack(0x0000006805a00000,0x0000006805b00000)]
  0x0000020c46e502d0 JavaThread "Finalizer" daemon [_thread_blocked, id=13060, stack(0x0000006805b00000,0x0000006805c00000)]
  0x0000020c46e67ee0 JavaThread "Signal Dispatcher" daemon [_thread_blocked, id=4316, stack(0x0000006805c00000,0x0000006805d00000)]
  0x0000020c46e6afe0 JavaThread "Attach Listener" daemon [_thread_blocked, id=13640, stack(0x0000006805d00000,0x0000006805e00000)]
  0x0000020c46e6b8b0 JavaThread "Service Thread" daemon [_thread_blocked, id=17896, stack(0x0000006805e00000,0x0000006805f00000)]
  0x0000020c46e6c180 JavaThread "Monitor Deflation Thread" daemon [_thread_blocked, id=8876, stack(0x0000006805f00000,0x0000006806000000)]
=>0x0000020c46e6f650 JavaThread "C2 CompilerThread0" daemon [_thread_in_native, id=18304, stack(0x0000006806000000,0x0000006806100000)]
  0x0000020c46e70010 JavaThread "C1 CompilerThread0" daemon [_thread_blocked, id=18308, stack(0x0000006806100000,0x0000006806200000)]
  0x0000020c8c008070 JavaThread "Sweeper thread" daemon [_thread_blocked, id=17668, stack(0x0000006806200000,0x0000006806300000)]
  0x0000020c8c05ac80 JavaThread "Notification Thread" daemon [_thread_blocked, id=17300, stack(0x0000006806300000,0x0000006806400000)]
  0x0000020c8c05fc20 JavaThread "Common-Cleaner" daemon [_thread_blocked, id=16688, stack(0x0000006806500000,0x0000006806600000)]
  0x0000020c8c1ff6f0 JavaThread "surefire-forkedjvm-stream-flusher" daemon [_thread_blocked, id=13424, stack(0x0000006806600000,0x0000006806700000)]
  0x0000020c8c3fa820 JavaThread "surefire-forkedjvm-command-thread" daemon [_thread_in_native, id=15600, stack(0x0000006806700000,0x0000006806800000)]
  0x0000020c8e098120 JavaThread "Cleaner-0" daemon [_thread_blocked, id=16608, stack(0x0000006806c00000,0x0000006806d00000)]
  0x0000020c8e098630 JavaThread "CountInHikariPool:housekeeper" daemon [_thread_blocked, id=15432, stack(0x0000006806d00000,0x0000006806e00000)]

Other Threads:
  0x0000020c46e48330 VMThread "VM Thread" [stack: 0x0000006805900000,0x0000006805a00000] [id=15468] _threads_hazard_ptr=0x0000020c8ceb6a30
  0x0000020c8c05b160 WatcherThread [stack: 0x0000006806400000,0x0000006806500000] [id=16064]
  0x0000020c293e9880 GCTaskThread "GC Thread#0" [stack: 0x0000006805400000,0x0000006805500000] [id=13352]
  0x0000020c8c74a240 GCTaskThread "GC Thread#1" [stack: 0x0000006806800000,0x0000006806900000] [id=13836]
  0x0000020c8c7fdb90 GCTaskThread "GC Thread#2" [stack: 0x0000006806900000,0x0000006806a00000] [id=14564]
  0x0000020c8c7f4e70 GCTaskThread "GC Thread#3" [stack: 0x0000006806a00000,0x0000006806b00000] [id=1744]
  0x0000020c293fb270 ConcurrentGCThread "G1 Main Marker" [stack: 0x0000006805500000,0x0000006805600000] [id=6456]
  0x0000020c293fbba0 ConcurrentGCThread "G1 Conc#0" [stack: 0x0000006805600000,0x0000006805700000] [id=13000]
  0x0000020c2944e940 ConcurrentGCThread "G1 Refine#0" [stack: 0x0000006805700000,0x0000006805800000] [id=17996]
  0x0000020c46d014a0 ConcurrentGCThread "G1 Service" [stack: 0x0000006805800000,0x0000006805900000] [id=15216]

Threads with active compile tasks:
C2 CompilerThread0  52601 7159       4       org.springframework.core.annotation.AnnotatedElementUtils::getMergedAnnotationAttributes (22 bytes)

VM state: synchronizing (normal execution)

VM Mutex/Monitor currently owned by a thread:  ([mutex/lock_event])
[0x0000020c272f9b70] Metaspace_lock - owner thread: 0x0000020c29391990
[0x0000020c2938b3b0] Threads_lock - owner thread: 0x0000020c46e48330

Heap address: 0x0000000082400000, size: 2012 MB, Compressed Oops mode: 32-bit

CDS archive(s) mapped at: [0x0000020c47000000-0x0000020c47bb0000-0x0000020c47bb0000), size 12255232, SharedBaseAddress: 0x0000020c47000000, ArchiveRelocationMode: 1.
Compressed class space mapped at: 0x0000020c48000000-0x0000020c88000000, reserved size: 1073741824
Narrow klass base: 0x0000020c47000000, Narrow klass shift: 0, Narrow klass range: 0x100000000

GC Precious Log:
 CPUs: 4 total, 4 available
 Memory: 8046M
 Large Page Support: Disabled
 NUMA Support: Disabled
 Compressed Oops: Enabled (32-bit)
 Heap Region Size: 1M
 Heap Min Capacity: 8M
 Heap Initial Capacity: 126M
 Heap Max Capacity: 2012M
 Pre-touch: Disabled
 Parallel Workers: 4
 Concurrent Workers: 1
 Concurrent Refinement Workers: 4
 Periodic GC: Disabled

Heap:
 garbage-first heap   total 204800K, used 136179K [0x0000000082400000, 0x0000000100000000)
  region size 1024K, 92 young (94208K), 1 survivors (1024K)
 Metaspace       used 79127K, committed 79744K, reserved 1179648K
  class space    used 11311K, committed 11648K, reserved 1048576K

Heap Regions: E=young(eden), S=young(survivor), O=old, HS=humongous(starts), HC=humongous(continues), CS=collection set, F=free, OA=open archive, CA=closed archive, TAMS=top-at-mark-start (previous, next)
|   0|0x0000000082400000, 0x0000000082500000, 0x0000000082500000|100%|HS|  |TAMS 0x0000000082500000, 0x0000000082400000| Complete 
|   1|0x0000000082500000, 0x0000000082600000, 0x0000000082600000|100%|HS|  |TAMS 0x0000000082600000, 0x0000000082500000| Complete 
|   2|0x0000000082600000, 0x0000000082700000, 0x0000000082700000|100%| O|  |TAMS 0x0000000082700000, 0x0000000082600000| Untracked 
|   3|0x0000000082700000, 0x0000000082800000, 0x0000000082800000|100%| O|  |TAMS 0x0000000082800000, 0x0000000082700000| Untracked 
|   4|0x0000000082800000, 0x0000000082900000, 0x0000000082900000|100%| O|  |TAMS 0x0000000082900000, 0x0000000082800000| Untracked 
|   5|0x0000000082900000, 0x0000000082a00000, 0x0000000082a00000|100%| O|  |TAMS 0x0000000082a00000, 0x0000000082900000| Untracked 
|   6|0x0000000082a00000, 0x0000000082b00000, 0x0000000082b00000|100%| O|  |TAMS 0x0000000082b00000, 0x0000000082a00000| Untracked 
|   7|0x0000000082b00000, 0x0000000082c00000, 0x0000000082c00000|100%| O|  |TAMS 0x0000000082c00000, 0x0000000082b00000| Untracked 
|   8|0x0000000082c00000, 0x0000000082d00000, 0x0000000082d00000|100%| O|  |TAMS 0x0000000082d00000, 0x0000000082c00000| Untracked 
|   9|0x0000000082d00000, 0x0000000082e00000, 0x0000000082e00000|100%| O|  |TAMS 0x0000000082e00000, 0x0000000082d00000| Untracked 
|  10|0x0000000082e00000, 0x0000000082f00000, 0x0000000082f00000|100%| O|  |TAMS 0x0000000082f00000, 0x0000000082e00000| Untracked 
|  11|0x0000000082f00000, 0x0000000083000000, 0x0000000083000000|100%| O|  |TAMS 0x0000000083000000, 0x0000000082f00000| Untracked 
|  12|0x0000000083000000, 0x0000000083100000, 0x0000000083100000|100%| O|  |TAMS 0x0000000083100000, 0x0000000083000000| Untracked 
|  13|0x0000000083100000, 0x0000000083200000, 0x0000000083200000|100%| O|  |TAMS 0x0000000083200000, 0x0000000083100000| Untracked 
|  14|0x0000000083200000, 0x0000000083300000, 0x0000000083300000|100%| O|  |TAMS 0x0000000083300000, 0x0000000083200000| Untracked 
|  15|0x0000000083300000, 0x0000000083400000, 0x0000000083400000|100%| O|  |TAMS 0x0000000083400000, 0x0000000083300000| Untracked 
|  16|0x0000000083400000, 0x0000000083500000, 0x0000000083500000|100%| O|  |TAMS 0x0000000083500000, 0x0000000083400000| Untracked 
|  17|0x0000000083500000, 0x0000000083600000, 0x0000000083600000|100%| O|  |TAMS 0x0000000083600000, 0x0000000083500000| Untracked 
|  18|0x0000000083600000, 0x0000000083700000, 0x0000000083700000|100%| O|  |TAMS 0x0000000083700000, 0x0000000083600000| Untracked 
|  19|0x0000000083700000, 0x0000000083800000, 0x0000000083800000|100%| O|  |TAMS 0x0000000083800000, 0x0000000083700000| Untracked 
|  20|0x0000000083800000, 0x0000000083900000, 0x0000000083900000|100%| O|  |TAMS 0x0000000083900000, 0x0000000083800000| Untracked 
|  21|0x0000000083900000, 0x0000000083a00000, 0x0000000083a00000|100%| O|  |TAMS 0x0000000083a00000, 0x0000000083900000| Untracked 
|  22|0x0000000083a00000, 0x0000000083b00000, 0x0000000083b00000|100%| O|  |TAMS 0x0000000083b00000, 0x0000000083a00000| Untracked 
|  23|0x0000000083b00000, 0x0000000083c00000, 0x0000000083c00000|100%| O|  |TAMS 0x0000000083c00000, 0x0000000083b00000| Untracked 
|  24|0x0000000083c00000, 0x0000000083d00000, 0x0000000083d00000|100%| O|  |TAMS 0x0000000083d00000, 0x0000000083c00000| Untracked 
|  25|0x0000000083d00000, 0x0000000083e00000, 0x0000000083e00000|100%| O|  |TAMS 0x0000000083e00000, 0x0000000083d00000| Untracked 
|  26|0x0000000083e00000, 0x0000000083f00000, 0x0000000083f00000|100%| O|  |TAMS 0x0000000083f00000, 0x0000000083e00000| Untracked 
|  27|0x0000000083f00000, 0x0000000084000000, 0x0000000084000000|100%| O|  |TAMS 0x0000000084000000, 0x0000000083f00000| Untracked 
|  28|0x0000000084000000, 0x0000000084100000, 0x0000000084100000|100%| O|  |TAMS 0x0000000084100000, 0x0000000084000000| Untracked 
|  29|0x0000000084100000, 0x0000000084200000, 0x0000000084200000|100%| O|  |TAMS 0x0000000084200000, 0x0000000084100000| Untracked 
|  30|0x0000000084200000, 0x0000000084300000, 0x0000000084300000|100%| O|  |TAMS 0x0000000084300000, 0x0000000084200000| Untracked 
|  31|0x0000000084300000, 0x0000000084400000, 0x0000000084400000|100%| O|  |TAMS 0x0000000084400000, 0x0000000084300000| Untracked 
|  32|0x0000000084400000, 0x0000000084500000, 0x0000000084500000|100%| O|  |TAMS 0x0000000084500000, 0x0000000084400000| Untracked 
|  33|0x0000000084500000, 0x0000000084600000, 0x0000000084600000|100%| O|  |TAMS 0x0000000084600000, 0x0000000084500000| Untracked 
|  34|0x0000000084600000, 0x0000000084700000, 0x0000000084700000|100%| O|  |TAMS 0x0000000084700000, 0x0000000084600000| Untracked 
|  35|0x0000000084700000, 0x0000000084800000, 0x0000000084800000|100%| O|  |TAMS 0x0000000084800000, 0x0000000084700000| Untracked 
|  36|0x0000000084800000, 0x0000000084900000, 0x0000000084900000|100%| O|  |TAMS 0x00000000848ce200, 0x0000000084800000| Untracked 
|  37|0x0000000084900000, 0x0000000084a00000, 0x0000000084a00000|100%| O|  |TAMS 0x0000000084900000, 0x0000000084900000| Untracked 
|  38|0x0000000084a00000, 0x0000000084b00000, 0x0000000084b00000|100%| O|  |TAMS 0x0000000084a00000, 0x0000000084a00000| Untracked 
|  39|0x0000000084b00000, 0x0000000084c00000, 0x0000000084c00000|100%| O|  |TAMS 0x0000000084b00000, 0x0000000084b00000| Untracked 
|  40|0x0000000084c00000, 0x0000000084d00000, 0x0000000084d00000|100%| O|  |TAMS 0x0000000084c00000, 0x0000000084c00000| Untracked 
|  41|0x0000000084d00000, 0x0000000084dfcc00, 0x0000000084e00000| 98%| O|  |TAMS 0x0000000084d00000, 0x0000000084d00000| Untracked 
|  42|0x0000000084e00000, 0x0000000084e00000, 0x0000000084f00000|  0%| F|  |TAMS 0x0000000084e00000, 0x0000000084e00000| Untracked 
|  43|0x0000000084f00000, 0x0000000084f00000, 0x0000000085000000|  0%| F|  |TAMS 0x0000000084f00000, 0x0000000084f00000| Untracked 
|  44|0x0000000085000000, 0x0000000085000000, 0x0000000085100000|  0%| F|  |TAMS 0x0000000085000000, 0x0000000085000000| Untracked 
|  45|0x0000000085100000, 0x0000000085100000, 0x0000000085200000|  0%| F|  |TAMS 0x0000000085100000, 0x0000000085100000| Untracked 
|  46|0x0000000085200000, 0x0000000085200000, 0x0000000085300000|  0%| F|  |TAMS 0x0000000085200000, 0x0000000085200000| Untracked 
|  47|0x0000000085300000, 0x0000000085300000, 0x0000000085400000|  0%| F|  |TAMS 0x0000000085300000, 0x0000000085300000| Untracked 
|  48|0x0000000085400000, 0x0000000085400000, 0x0000000085500000|  0%| F|  |TAMS 0x0000000085400000, 0x0000000085400000| Untracked 
|  49|0x0000000085500000, 0x0000000085500000, 0x0000000085600000|  0%| F|  |TAMS 0x0000000085500000, 0x0000000085500000| Untracked 
|  50|0x0000000085600000, 0x0000000085600000, 0x0000000085700000|  0%| F|  |TAMS 0x0000000085600000, 0x0000000085600000| Untracked 
|  51|0x0000000085700000, 0x0000000085700000, 0x0000000085800000|  0%| F|  |TAMS 0x0000000085700000, 0x0000000085700000| Untracked 
|  52|0x0000000085800000, 0x0000000085800000, 0x0000000085900000|  0%| F|  |TAMS 0x0000000085800000, 0x0000000085800000| Untracked 
|  53|0x0000000085900000, 0x0000000085900000, 0x0000000085a00000|  0%| F|  |TAMS 0x0000000085900000, 0x0000000085900000| Untracked 
|  54|0x0000000085a00000, 0x0000000085a00000, 0x0000000085b00000|  0%| F|  |TAMS 0x0000000085a00000, 0x0000000085a00000| Untracked 
|  55|0x0000000085b00000, 0x0000000085b00000, 0x0000000085c00000|  0%| F|  |TAMS 0x0000000085b00000, 0x0000000085b00000| Untracked 
|  56|0x0000000085c00000, 0x0000000085c00000, 0x0000000085d00000|  0%| F|  |TAMS 0x0000000085c00000, 0x0000000085c00000| Untracked 
|  57|0x0000000085d00000, 0x0000000085d00000, 0x0000000085e00000|  0%| F|  |TAMS 0x0000000085d00000, 0x0000000085d00000| Untracked 
|  58|0x0000000085e00000, 0x0000000085e00000, 0x0000000085f00000|  0%| F|  |TAMS 0x0000000085e00000, 0x0000000085e00000| Untracked 
|  59|0x0000000085f00000, 0x0000000086000000, 0x0000000086000000|100%| S|CS|TAMS 0x0000000085f00000, 0x0000000085f00000| Complete 
|  60|0x0000000086000000, 0x0000000086000000, 0x0000000086100000|  0%| F|  |TAMS 0x0000000086000000, 0x0000000086000000| Untracked 
|  61|0x0000000086100000, 0x0000000086100000, 0x0000000086200000|  0%| F|  |TAMS 0x0000000086100000, 0x0000000086100000| Untracked 
|  62|0x0000000086200000, 0x0000000086200000, 0x0000000086300000|  0%| F|  |TAMS 0x0000000086200000, 0x0000000086200000| Untracked 
|  63|0x0000000086300000, 0x0000000086300000, 0x0000000086400000|  0%| F|  |TAMS 0x0000000086300000, 0x0000000086300000| Untracked 
|  64|0x0000000086400000, 0x0000000086400000, 0x0000000086500000|  0%| F|  |TAMS 0x0000000086400000, 0x0000000086400000| Untracked 
|  65|0x0000000086500000, 0x0000000086500000, 0x0000000086600000|  0%| F|  |TAMS 0x0000000086500000, 0x0000000086500000| Untracked 
|  66|0x0000000086600000, 0x0000000086600000, 0x0000000086700000|  0%| F|  |TAMS 0x0000000086600000, 0x0000000086600000| Untracked 
|  67|0x0000000086700000, 0x0000000086700000, 0x0000000086800000|  0%| F|  |TAMS 0x0000000086700000, 0x0000000086700000| Untracked 
|  68|0x0000000086800000, 0x0000000086800000, 0x0000000086900000|  0%| F|  |TAMS 0x0000000086800000, 0x0000000086800000| Untracked 
|  69|0x0000000086900000, 0x0000000086900000, 0x0000000086a00000|  0%| F|  |TAMS 0x0000000086900000, 0x0000000086900000| Untracked 
|  70|0x0000000086a00000, 0x0000000086a00000, 0x0000000086b00000|  0%| F|  |TAMS 0x0000000086a00000, 0x0000000086a00000| Untracked 
|  71|0x0000000086b00000, 0x0000000086b00000, 0x0000000086c00000|  0%| F|  |TAMS 0x0000000086b00000, 0x0000000086b00000| Untracked 
|  72|0x0000000086c00000, 0x0000000086c00000, 0x0000000086d00000|  0%| F|  |TAMS 0x0000000086c00000, 0x0000000086c00000| Untracked 
|  73|0x0000000086d00000, 0x0000000086d00000, 0x0000000086e00000|  0%| F|  |TAMS 0x0000000086d00000, 0x0000000086d00000| Untracked 
|  74|0x0000000086e00000, 0x0000000086e00000, 0x0000000086f00000|  0%| F|  |TAMS 0x0000000086e00000, 0x0000000086e00000| Untracked 
|  75|0x0000000086f00000, 0x0000000086f00000, 0x0000000087000000|  0%| F|  |TAMS 0x0000000086f00000, 0x0000000086f00000| Untracked 
|  76|0x0000000087000000, 0x0000000087000000, 0x0000000087100000|  0%| F|  |TAMS 0x0000000087000000, 0x0000000087000000| Untracked 
|  77|0x0000000087100000, 0x0000000087100000, 0x0000000087200000|  0%| F|  |TAMS 0x0000000087100000, 0x0000000087100000| Untracked 
|  78|0x0000000087200000, 0x0000000087200000, 0x0000000087300000|  0%| F|  |TAMS 0x0000000087200000, 0x0000000087200000| Untracked 
|  79|0x0000000087300000, 0x0000000087300000, 0x0000000087400000|  0%| F|  |TAMS 0x0000000087300000, 0x0000000087300000| Untracked 
|  80|0x0000000087400000, 0x0000000087400000, 0x0000000087500000|  0%| F|  |TAMS 0x0000000087400000, 0x0000000087400000| Untracked 
|  81|0x0000000087500000, 0x0000000087500000, 0x0000000087600000|  0%| F|  |TAMS 0x0000000087500000, 0x0000000087500000| Untracked 
|  82|0x0000000087600000, 0x0000000087600000, 0x0000000087700000|  0%| F|  |TAMS 0x0000000087600000, 0x0000000087600000| Untracked 
|  83|0x0000000087700000, 0x0000000087700000, 0x0000000087800000|  0%| F|  |TAMS 0x0000000087700000, 0x0000000087700000| Untracked 
|  84|0x0000000087800000, 0x0000000087800000, 0x0000000087900000|  0%| F|  |TAMS 0x0000000087800000, 0x0000000087800000| Untracked 
|  85|0x0000000087900000, 0x0000000087900000, 0x0000000087a00000|  0%| F|  |TAMS 0x0000000087900000, 0x0000000087900000| Untracked 
|  86|0x0000000087a00000, 0x0000000087a00000, 0x0000000087b00000|  0%| F|  |TAMS 0x0000000087a00000, 0x0000000087a00000| Untracked 
|  87|0x0000000087b00000, 0x0000000087b00000, 0x0000000087c00000|  0%| F|  |TAMS 0x0000000087b00000, 0x0000000087b00000| Untracked 
|  88|0x0000000087c00000, 0x0000000087c00000, 0x0000000087d00000|  0%| F|  |TAMS 0x0000000087c00000, 0x0000000087c00000| Untracked 
|  89|0x0000000087d00000, 0x0000000087d00000, 0x0000000087e00000|  0%| F|  |TAMS 0x0000000087d00000, 0x0000000087d00000| Untracked 
|  90|0x0000000087e00000, 0x0000000087e00000, 0x0000000087f00000|  0%| F|  |TAMS 0x0000000087e00000, 0x0000000087e00000| Untracked 
|  91|0x0000000087f00000, 0x0000000087f00000, 0x0000000088000000|  0%| F|  |TAMS 0x0000000087f00000, 0x0000000087f00000| Untracked 
|  92|0x0000000088000000, 0x0000000088000000, 0x0000000088100000|  0%| F|  |TAMS 0x0000000088000000, 0x0000000088000000| Untracked 
|  93|0x0000000088100000, 0x0000000088100000, 0x0000000088200000|  0%| F|  |TAMS 0x0000000088100000, 0x0000000088100000| Untracked 
|  94|0x0000000088200000, 0x0000000088200000, 0x0000000088300000|  0%| F|  |TAMS 0x0000000088200000, 0x0000000088200000| Untracked 
|  95|0x0000000088300000, 0x0000000088300000, 0x0000000088400000|  0%| F|  |TAMS 0x0000000088300000, 0x0000000088300000| Untracked 
|  96|0x0000000088400000, 0x0000000088400000, 0x0000000088500000|  0%| F|  |TAMS 0x0000000088400000, 0x0000000088400000| Untracked 
|  97|0x0000000088500000, 0x0000000088500000, 0x0000000088600000|  0%| F|  |TAMS 0x0000000088500000, 0x0000000088500000| Untracked 
|  98|0x0000000088600000, 0x0000000088600000, 0x0000000088700000|  0%| F|  |TAMS 0x0000000088600000, 0x0000000088600000| Untracked 
|  99|0x0000000088700000, 0x0000000088700000, 0x0000000088800000|  0%| F|  |TAMS 0x0000000088700000, 0x0000000088700000| Untracked 
| 100|0x0000000088800000, 0x0000000088800000, 0x0000000088900000|  0%| F|  |TAMS 0x0000000088800000, 0x0000000088800000| Untracked 
| 101|0x0000000088900000, 0x0000000088900000, 0x0000000088a00000|  0%| F|  |TAMS 0x0000000088900000, 0x0000000088900000| Untracked 
| 102|0x0000000088a00000, 0x0000000088a00000, 0x0000000088b00000|  0%| F|  |TAMS 0x0000000088a00000, 0x0000000088a00000| Untracked 
| 103|0x0000000088b00000, 0x0000000088b00000, 0x0000000088c00000|  0%| F|  |TAMS 0x0000000088b00000, 0x0000000088b00000| Untracked 
| 104|0x0000000088c00000, 0x0000000088c00000, 0x0000000088d00000|  0%| F|  |TAMS 0x0000000088c00000, 0x0000000088c00000| Untracked 
| 105|0x0000000088d00000, 0x0000000088d00000, 0x0000000088e00000|  0%| F|  |TAMS 0x0000000088d00000, 0x0000000088d00000| Untracked 
| 106|0x0000000088e00000, 0x0000000088e00000, 0x0000000088f00000|  0%| F|  |TAMS 0x0000000088e00000, 0x0000000088e00000| Untracked 
| 107|0x0000000088f00000, 0x0000000088f00000, 0x0000000089000000|  0%| F|  |TAMS 0x0000000088f00000, 0x0000000088f00000| Untracked 
| 108|0x0000000089000000, 0x0000000089000000, 0x0000000089100000|  0%| F|  |TAMS 0x0000000089000000, 0x0000000089000000| Untracked 
| 109|0x0000000089100000, 0x0000000089200000, 0x0000000089200000|100%| E|  |TAMS 0x0000000089100000, 0x0000000089100000| Complete 
| 110|0x0000000089200000, 0x0000000089300000, 0x0000000089300000|100%| E|CS|TAMS 0x0000000089200000, 0x0000000089200000| Complete 
| 111|0x0000000089300000, 0x0000000089400000, 0x0000000089400000|100%| E|CS|TAMS 0x0000000089300000, 0x0000000089300000| Complete 
| 112|0x0000000089400000, 0x0000000089500000, 0x0000000089500000|100%| E|CS|TAMS 0x0000000089400000, 0x0000000089400000| Complete 
| 113|0x0000000089500000, 0x0000000089600000, 0x0000000089600000|100%| E|CS|TAMS 0x0000000089500000, 0x0000000089500000| Complete 
| 114|0x0000000089600000, 0x0000000089700000, 0x0000000089700000|100%| E|CS|TAMS 0x0000000089600000, 0x0000000089600000| Complete 
| 115|0x0000000089700000, 0x0000000089800000, 0x0000000089800000|100%| E|CS|TAMS 0x0000000089700000, 0x0000000089700000| Complete 
| 116|0x0000000089800000, 0x0000000089900000, 0x0000000089900000|100%| E|CS|TAMS 0x0000000089800000, 0x0000000089800000| Complete 
| 117|0x0000000089900000, 0x0000000089a00000, 0x0000000089a00000|100%| E|CS|TAMS 0x0000000089900000, 0x0000000089900000| Complete 
| 118|0x0000000089a00000, 0x0000000089b00000, 0x0000000089b00000|100%| E|CS|TAMS 0x0000000089a00000, 0x0000000089a00000| Complete 
| 119|0x0000000089b00000, 0x0000000089c00000, 0x0000000089c00000|100%| E|CS|TAMS 0x0000000089b00000, 0x0000000089b00000| Complete 
| 120|0x0000000089c00000, 0x0000000089d00000, 0x0000000089d00000|100%| E|CS|TAMS 0x0000000089c00000, 0x0000000089c00000| Complete 
| 121|0x0000000089d00000, 0x0000000089e00000, 0x0000000089e00000|100%| E|CS|TAMS 0x0000000089d00000, 0x0000000089d00000| Complete 
| 122|0x0000000089e00000, 0x0000000089f00000, 0x0000000089f00000|100%| E|CS|TAMS 0x0000000089e00000, 0x0000000089e00000| Complete 
| 123|0x0000000089f00000, 0x000000008a000000, 0x000000008a000000|100%| E|CS|TAMS 0x0000000089f00000, 0x0000000089f00000| Complete 
| 124|0x000000008a000000, 0x000000008a100000, 0x000000008a100000|100%| E|CS|TAMS 0x000000008a000000, 0x000000008a000000| Complete 
| 125|0x000000008a100000, 0x000000008a200000, 0x000000008a200000|100%| E|CS|TAMS 0x000000008a100000, 0x000000008a100000| Complete 
| 126|0x000000008a200000, 0x000000008a300000, 0x000000008a300000|100%| E|CS|TAMS 0x000000008a200000, 0x000000008a200000| Complete 
| 127|0x000000008a300000, 0x000000008a400000, 0x000000008a400000|100%| E|CS|TAMS 0x000000008a300000, 0x000000008a300000| Complete 
| 128|0x000000008a400000, 0x000000008a500000, 0x000000008a500000|100%| E|CS|TAMS 0x000000008a400000, 0x000000008a400000| Complete 
| 129|0x000000008a500000, 0x000000008a600000, 0x000000008a600000|100%| E|CS|TAMS 0x000000008a500000, 0x000000008a500000| Complete 
| 130|0x000000008a600000, 0x000000008a700000, 0x000000008a700000|100%| E|CS|TAMS 0x000000008a600000, 0x000000008a600000| Complete 
| 131|0x000000008a700000, 0x000000008a800000, 0x000000008a800000|100%| E|CS|TAMS 0x000000008a700000, 0x000000008a700000| Complete 
| 132|0x000000008a800000, 0x000000008a900000, 0x000000008a900000|100%| E|CS|TAMS 0x000000008a800000, 0x000000008a800000| Complete 
| 133|0x000000008a900000, 0x000000008aa00000, 0x000000008aa00000|100%| E|CS|TAMS 0x000000008a900000, 0x000000008a900000| Complete 
| 134|0x000000008aa00000, 0x000000008ab00000, 0x000000008ab00000|100%| E|CS|TAMS 0x000000008aa00000, 0x000000008aa00000| Complete 
| 135|0x000000008ab00000, 0x000000008ac00000, 0x000000008ac00000|100%| E|CS|TAMS 0x000000008ab00000, 0x000000008ab00000| Complete 
| 136|0x000000008ac00000, 0x000000008ad00000, 0x000000008ad00000|100%| E|CS|TAMS 0x000000008ac00000, 0x000000008ac00000| Complete 
| 137|0x000000008ad00000, 0x000000008ae00000, 0x000000008ae00000|100%| E|CS|TAMS 0x000000008ad00000, 0x000000008ad00000| Complete 
| 138|0x000000008ae00000, 0x000000008af00000, 0x000000008af00000|100%| E|CS|TAMS 0x000000008ae00000, 0x000000008ae00000| Complete 
| 139|0x000000008af00000, 0x000000008b000000, 0x000000008b000000|100%| E|CS|TAMS 0x000000008af00000, 0x000000008af00000| Complete 
| 140|0x000000008b000000, 0x000000008b100000, 0x000000008b100000|100%| E|CS|TAMS 0x000000008b000000, 0x000000008b000000| Complete 
| 141|0x000000008b100000, 0x000000008b200000, 0x000000008b200000|100%| E|CS|TAMS 0x000000008b100000, 0x000000008b100000| Complete 
| 142|0x000000008b200000, 0x000000008b300000, 0x000000008b300000|100%| E|CS|TAMS 0x000000008b200000, 0x000000008b200000| Complete 
| 143|0x000000008b300000, 0x000000008b400000, 0x000000008b400000|100%| E|CS|TAMS 0x000000008b300000, 0x000000008b300000| Complete 
| 144|0x000000008b400000, 0x000000008b500000, 0x000000008b500000|100%| E|CS|TAMS 0x000000008b400000, 0x000000008b400000| Complete 
| 145|0x000000008b500000, 0x000000008b600000, 0x000000008b600000|100%| E|CS|TAMS 0x000000008b500000, 0x000000008b500000| Complete 
| 146|0x000000008b600000, 0x000000008b700000, 0x000000008b700000|100%| E|CS|TAMS 0x000000008b600000, 0x000000008b600000| Complete 
| 147|0x000000008b700000, 0x000000008b800000, 0x000000008b800000|100%| E|CS|TAMS 0x000000008b700000, 0x000000008b700000| Complete 
| 148|0x000000008b800000, 0x000000008b900000, 0x000000008b900000|100%| E|CS|TAMS 0x000000008b800000, 0x000000008b800000| Complete 
| 149|0x000000008b900000, 0x000000008ba00000, 0x000000008ba00000|100%| E|CS|TAMS 0x000000008b900000, 0x000000008b900000| Complete 
| 150|0x000000008ba00000, 0x000000008bb00000, 0x000000008bb00000|100%| E|CS|TAMS 0x000000008ba00000, 0x000000008ba00000| Complete 
| 151|0x000000008bb00000, 0x000000008bc00000, 0x000000008bc00000|100%| E|CS|TAMS 0x000000008bb00000, 0x000000008bb00000| Complete 
| 152|0x000000008bc00000, 0x000000008bd00000, 0x000000008bd00000|100%| E|CS|TAMS 0x000000008bc00000, 0x000000008bc00000| Complete 
| 153|0x000000008bd00000, 0x000000008be00000, 0x000000008be00000|100%| E|CS|TAMS 0x000000008bd00000, 0x000000008bd00000| Complete 
| 154|0x000000008be00000, 0x000000008bf00000, 0x000000008bf00000|100%| E|CS|TAMS 0x000000008be00000, 0x000000008be00000| Complete 
| 155|0x000000008bf00000, 0x000000008c000000, 0x000000008c000000|100%| E|CS|TAMS 0x000000008bf00000, 0x000000008bf00000| Complete 
| 156|0x000000008c000000, 0x000000008c100000, 0x000000008c100000|100%| E|CS|TAMS 0x000000008c000000, 0x000000008c000000| Complete 
| 157|0x000000008c100000, 0x000000008c200000, 0x000000008c200000|100%| E|CS|TAMS 0x000000008c100000, 0x000000008c100000| Complete 
| 158|0x000000008c200000, 0x000000008c300000, 0x000000008c300000|100%| E|CS|TAMS 0x000000008c200000, 0x000000008c200000| Complete 
| 159|0x000000008c300000, 0x000000008c400000, 0x000000008c400000|100%| E|CS|TAMS 0x000000008c300000, 0x000000008c300000| Complete 
| 160|0x000000008c400000, 0x000000008c500000, 0x000000008c500000|100%| E|CS|TAMS 0x000000008c400000, 0x000000008c400000| Complete 
| 161|0x000000008c500000, 0x000000008c600000, 0x000000008c600000|100%| E|CS|TAMS 0x000000008c500000, 0x000000008c500000| Complete 
| 162|0x000000008c600000, 0x000000008c700000, 0x000000008c700000|100%| E|CS|TAMS 0x000000008c600000, 0x000000008c600000| Complete 
| 163|0x000000008c700000, 0x000000008c800000, 0x000000008c800000|100%| E|CS|TAMS 0x000000008c700000, 0x000000008c700000| Complete 
| 164|0x000000008c800000, 0x000000008c900000, 0x000000008c900000|100%| E|CS|TAMS 0x000000008c800000, 0x000000008c800000| Complete 
| 165|0x000000008c900000, 0x000000008ca00000, 0x000000008ca00000|100%| E|CS|TAMS 0x000000008c900000, 0x000000008c900000| Complete 
| 166|0x000000008ca00000, 0x000000008cb00000, 0x000000008cb00000|100%| E|CS|TAMS 0x000000008ca00000, 0x000000008ca00000| Complete 
| 167|0x000000008cb00000, 0x000000008cc00000, 0x000000008cc00000|100%| E|CS|TAMS 0x000000008cb00000, 0x000000008cb00000| Complete 
| 168|0x000000008cc00000, 0x000000008cd00000, 0x000000008cd00000|100%| E|CS|TAMS 0x000000008cc00000, 0x000000008cc00000| Complete 
| 169|0x000000008cd00000, 0x000000008ce00000, 0x000000008ce00000|100%| E|CS|TAMS 0x000000008cd00000, 0x000000008cd00000| Complete 
| 170|0x000000008ce00000, 0x000000008cf00000, 0x000000008cf00000|100%| E|CS|TAMS 0x000000008ce00000, 0x000000008ce00000| Complete 
| 171|0x000000008cf00000, 0x000000008d000000, 0x000000008d000000|100%| E|CS|TAMS 0x000000008cf00000, 0x000000008cf00000| Complete 
| 172|0x000000008d000000, 0x000000008d100000, 0x000000008d100000|100%| E|CS|TAMS 0x000000008d000000, 0x000000008d000000| Complete 
| 173|0x000000008d100000, 0x000000008d200000, 0x000000008d200000|100%| E|CS|TAMS 0x000000008d100000, 0x000000008d100000| Complete 
| 174|0x000000008d200000, 0x000000008d300000, 0x000000008d300000|100%| E|CS|TAMS 0x000000008d200000, 0x000000008d200000| Complete 
| 175|0x000000008d300000, 0x000000008d400000, 0x000000008d400000|100%| E|CS|TAMS 0x000000008d300000, 0x000000008d300000| Complete 
| 176|0x000000008d400000, 0x000000008d500000, 0x000000008d500000|100%| E|CS|TAMS 0x000000008d400000, 0x000000008d400000| Complete 
| 177|0x000000008d500000, 0x000000008d600000, 0x000000008d600000|100%| E|CS|TAMS 0x000000008d500000, 0x000000008d500000| Complete 
| 178|0x000000008d600000, 0x000000008d700000, 0x000000008d700000|100%| E|CS|TAMS 0x000000008d600000, 0x000000008d600000| Complete 
| 179|0x000000008d700000, 0x000000008d800000, 0x000000008d800000|100%| E|CS|TAMS 0x000000008d700000, 0x000000008d700000| Complete 
| 180|0x000000008d800000, 0x000000008d900000, 0x000000008d900000|100%| E|CS|TAMS 0x000000008d800000, 0x000000008d800000| Complete 
| 181|0x000000008d900000, 0x000000008da00000, 0x000000008da00000|100%| E|CS|TAMS 0x000000008d900000, 0x000000008d900000| Complete 
| 182|0x000000008da00000, 0x000000008db00000, 0x000000008db00000|100%| E|CS|TAMS 0x000000008da00000, 0x000000008da00000| Complete 
| 183|0x000000008db00000, 0x000000008dc00000, 0x000000008dc00000|100%| E|CS|TAMS 0x000000008db00000, 0x000000008db00000| Complete 
| 184|0x000000008dc00000, 0x000000008dd00000, 0x000000008dd00000|100%| E|CS|TAMS 0x000000008dc00000, 0x000000008dc00000| Complete 
| 185|0x000000008dd00000, 0x000000008de00000, 0x000000008de00000|100%| E|CS|TAMS 0x000000008dd00000, 0x000000008dd00000| Complete 
| 186|0x000000008de00000, 0x000000008df00000, 0x000000008df00000|100%| E|CS|TAMS 0x000000008de00000, 0x000000008de00000| Complete 
| 187|0x000000008df00000, 0x000000008e000000, 0x000000008e000000|100%| E|CS|TAMS 0x000000008df00000, 0x000000008df00000| Complete 
| 188|0x000000008e000000, 0x000000008e100000, 0x000000008e100000|100%| E|CS|TAMS 0x000000008e000000, 0x000000008e000000| Complete 
| 189|0x000000008e100000, 0x000000008e200000, 0x000000008e200000|100%| E|CS|TAMS 0x000000008e100000, 0x000000008e100000| Complete 
| 190|0x000000008e200000, 0x000000008e300000, 0x000000008e300000|100%| E|CS|TAMS 0x000000008e200000, 0x000000008e200000| Complete 
| 191|0x000000008e300000, 0x000000008e400000, 0x000000008e400000|100%| E|CS|TAMS 0x000000008e300000, 0x000000008e300000| Complete 
| 192|0x000000008e400000, 0x000000008e500000, 0x000000008e500000|100%| E|CS|TAMS 0x000000008e400000, 0x000000008e400000| Complete 
| 193|0x000000008e500000, 0x000000008e600000, 0x000000008e600000|100%| E|CS|TAMS 0x000000008e500000, 0x000000008e500000| Complete 
| 194|0x000000008e600000, 0x000000008e700000, 0x000000008e700000|100%| E|CS|TAMS 0x000000008e600000, 0x000000008e600000| Complete 
| 195|0x000000008e700000, 0x000000008e800000, 0x000000008e800000|100%| E|CS|TAMS 0x000000008e700000, 0x000000008e700000| Complete 
| 196|0x000000008e800000, 0x000000008e900000, 0x000000008e900000|100%| E|CS|TAMS 0x000000008e800000, 0x000000008e800000| Complete 
| 197|0x000000008e900000, 0x000000008ea00000, 0x000000008ea00000|100%| E|CS|TAMS 0x000000008e900000, 0x000000008e900000| Complete 
| 198|0x000000008ea00000, 0x000000008eb00000, 0x000000008eb00000|100%| E|CS|TAMS 0x000000008ea00000, 0x000000008ea00000| Complete 
| 199|0x000000008eb00000, 0x000000008ec00000, 0x000000008ec00000|100%| E|CS|TAMS 0x000000008eb00000, 0x000000008eb00000| Complete 

Card table byte_map: [0x0000020c402f0000,0x0000020c406e0000] _byte_map_base: 0x0000020c3fede000

Marking Bits (Prev, Next): (CMBitMap*) 0x0000020c293eae00, (CMBitMap*) 0x0000020c293eadc0
 Prev Bits: [0x0000020c42a40000, 0x0000020c449b0000)
 Next Bits: [0x0000020c40ad0000, 0x0000020c42a40000)

Polling page: 0x0000020c27320000

Metaspace:

Usage:
  Non-class:     66.23 MB used.
      Class:     11.05 MB used.
       Both:     77.27 MB used.

Virtual space:
  Non-class space:      128.00 MB reserved,      66.50 MB ( 52%) committed,  2 nodes.
      Class space:        1.00 GB reserved,      11.38 MB (  1%) committed,  1 nodes.
             Both:        1.12 GB reserved,      77.88 MB (  7%) committed. 

Chunk freelists:
   Non-Class:  12.80 MB
       Class:  4.55 MB
        Both:  17.34 MB

MaxMetaspaceSize: unlimited
CompressedClassSpaceSize: 1.00 GB
Initial GC threshold: 21.00 MB
Current GC threshold: 123.38 MB
CDS: on
MetaspaceReclaimPolicy: balanced
 - commit_granule_bytes: 65536.
 - commit_granule_words: 8192.
 - virtual_space_node_default_size: 8388608.
 - enlarge_chunks_in_place: 1.
 - new_chunks_are_fully_committed: 0.
 - uncommit_free_chunks: 1.
 - use_allocation_guard: 0.
 - handle_deallocations: 1.


Internal statistics:

num_allocs_failed_limit: 6.
num_arena_births: 918.
num_arena_deaths: 0.
num_vsnodes_births: 3.
num_vsnodes_deaths: 0.
num_space_committed: 1246.
num_space_uncommitted: 0.
num_chunks_returned_to_freelist: 6.
num_chunks_taken_from_freelist: 3899.
num_chunk_merges: 6.
num_chunk_splits: 2829.
num_chunks_enlarged: 2250.
num_inconsistent_stats: 0.

CodeHeap 'non-profiled nmethods': size=120000Kb used=4806Kb max_used=4806Kb free=115193Kb
 bounds [0x0000020c389d0000, 0x0000020c38e90000, 0x0000020c3ff00000]
CodeHeap 'profiled nmethods': size=120000Kb used=13115Kb max_used=13115Kb free=106884Kb
 bounds [0x0000020c30f00000, 0x0000020c31bd0000, 0x0000020c38430000]
CodeHeap 'non-nmethods': size=5760Kb used=1345Kb max_used=1413Kb free=4414Kb
 bounds [0x0000020c38430000, 0x0000020c386a0000, 0x0000020c389d0000]
 total_blobs=7262 nmethods=6583 adapters=590
 compilation: enabled
              stopped_count=0, restarted_count=0
 full_count=0

Compilation events (20 events):
Event: 50.119 Thread 0x0000020c46e70010 7326       2       org.springframework.util.ClassUtils::getAllInterfacesForClassAsSet (106 bytes)
Event: 50.122 Thread 0x0000020c46e70010 nmethod 7326 0x0000020c31bc8290 code [0x0000020c31bc8540, 0x0000020c31bc8db8]
Event: 50.130 Thread 0x0000020c46e70010 7327       2       org.springframework.aop.framework.autoproxy.AbstractAdvisorAutoProxyCreator$BeanFactoryAdvisorRetrievalHelperAdapter::isEligibleBean (9 bytes)
Event: 50.131 Thread 0x0000020c46e70010 nmethod 7327 0x0000020c31bc9410 code [0x0000020c31bc95a0, 0x0000020c31bc96b8]
Event: 50.131 Thread 0x0000020c46e70010 7328       2       org.springframework.beans.factory.support.DefaultSingletonBeanRegistry::isCurrentlyInCreation (33 bytes)
Event: 50.131 Thread 0x0000020c46e70010 nmethod 7328 0x0000020c31bc9790 code [0x0000020c31bc9960, 0x0000020c31bc9bc8]
Event: 50.131 Thread 0x0000020c46e70010 7329       2       org.springframework.beans.factory.support.AbstractBeanFactory::isActuallyInCreation (22 bytes)
Event: 50.131 Thread 0x0000020c46e70010 nmethod 7329 0x0000020c31bc9d10 code [0x0000020c31bc9ec0, 0x0000020c31bca058]
Event: 50.132 Thread 0x0000020c46e70010 7331   !   2       org.springframework.aop.aspectj.annotation.BeanFactoryAspectJAdvisorsBuilder::buildAspectJAdvisors (515 bytes)
Event: 50.137 Thread 0x0000020c46e70010 nmethod 7331 0x0000020c31bca190 code [0x0000020c31bca5c0, 0x0000020c31bcb9b8]
Event: 50.137 Thread 0x0000020c46e70010 7333       2       org.springframework.beans.factory.InjectionPoint::getAnnotations (39 bytes)
Event: 50.137 Thread 0x0000020c46e70010 nmethod 7333 0x0000020c31bcce90 code [0x0000020c31bcd080, 0x0000020c31bcd428]
Event: 50.137 Thread 0x0000020c46e70010 7330   !   2       org.springframework.aop.framework.autoproxy.BeanFactoryAdvisorRetrievalHelper::findAdvisorBeans (242 bytes)
Event: 50.139 Thread 0x0000020c46e70010 nmethod 7330 0x0000020c31bcd610 code [0x0000020c31bcd920, 0x0000020c31bce678]
Event: 50.139 Thread 0x0000020c46e70010 7334       2       org.springframework.core.annotation.AnnotatedElementUtils$AnnotatedElementForAnnotations::getDeclaredAnnotations (11 bytes)
Event: 50.140 Thread 0x0000020c46e70010 nmethod 7334 0x0000020c31bcef10 code [0x0000020c31bcf0c0, 0x0000020c31bcf248]
Event: 50.140 Thread 0x0000020c46e70010 7332       1       org.springframework.beans.factory.support.AbstractBeanDefinition::setBeanClass (6 bytes)
Event: 50.140 Thread 0x0000020c46e70010 nmethod 7332 0x0000020c38e80690 code [0x0000020c38e80820, 0x0000020c38e80938]
Event: 50.142 Thread 0x0000020c46e70010 7335       2       java.lang.NoSuchMethodException::<init> (6 bytes)
Event: 50.142 Thread 0x0000020c46e70010 nmethod 7335 0x0000020c31bcf310 code [0x0000020c31bcf4c0, 0x0000020c31bcf5e8]

GC Heap History (20 events):
Event: 39.720 GC heap before
{Heap before GC invocations=23 (full 0):
 garbage-first heap   total 55296K, used 44564K [0x0000000082400000, 0x0000000100000000)
  region size 1024K, 17 young (17408K), 2 survivors (2048K)
 Metaspace       used 68095K, committed 68672K, reserved 1114112K
  class space    used 9531K, committed 9792K, reserved 1048576K
}
Event: 39.735 GC heap after
{Heap after GC invocations=24 (full 0):
 garbage-first heap   total 55296K, used 31746K [0x0000000082400000, 0x0000000100000000)
  region size 1024K, 3 young (3072K), 3 survivors (3072K)
 Metaspace       used 68095K, committed 68672K, reserved 1114112K
  class space    used 9531K, committed 9792K, reserved 1048576K
}
Event: 41.130 GC heap before
{Heap before GC invocations=24 (full 0):
 garbage-first heap   total 55296K, used 45058K [0x0000000082400000, 0x0000000100000000)
  region size 1024K, 16 young (16384K), 3 survivors (3072K)
 Metaspace       used 70178K, committed 70784K, reserved 1114112K
  class space    used 9806K, committed 10112K, reserved 1048576K
}
Event: 41.150 GC heap after
{Heap after GC invocations=25 (full 0):
 garbage-first heap   total 55296K, used 33073K [0x0000000082400000, 0x0000000100000000)
  region size 1024K, 2 young (2048K), 2 survivors (2048K)
 Metaspace       used 70178K, committed 70784K, reserved 1114112K
  class space    used 9806K, committed 10112K, reserved 1048576K
}
Event: 41.902 GC heap before
{Heap before GC invocations=26 (full 0):
 garbage-first heap   total 58368K, used 44337K [0x0000000082400000, 0x0000000100000000)
  region size 1024K, 14 young (14336K), 2 survivors (2048K)
 Metaspace       used 71688K, committed 72320K, reserved 1114112K
  class space    used 10188K, committed 10496K, reserved 1048576K
}
Event: 41.908 GC heap after
{Heap after GC invocations=27 (full 0):
 garbage-first heap   total 58368K, used 34138K [0x0000000082400000, 0x0000000100000000)
  region size 1024K, 2 young (2048K), 2 survivors (2048K)
 Metaspace       used 71688K, committed 72320K, reserved 1114112K
  class space    used 10188K, committed 10496K, reserved 1048576K
}
Event: 42.152 GC heap before
{Heap before GC invocations=27 (full 0):
 garbage-first heap   total 58368K, used 47450K [0x0000000082400000, 0x0000000100000000)
  region size 1024K, 15 young (15360K), 2 survivors (2048K)
 Metaspace       used 71753K, committed 72384K, reserved 1114112K
  class space    used 10193K, committed 10496K, reserved 1048576K
}
Event: 42.157 GC heap after
{Heap after GC invocations=28 (full 0):
 garbage-first heap   total 58368K, used 34416K [0x0000000082400000, 0x0000000100000000)
  region size 1024K, 2 young (2048K), 2 survivors (2048K)
 Metaspace       used 71753K, committed 72384K, reserved 1114112K
  class space    used 10193K, committed 10496K, reserved 1048576K
}
Event: 43.238 GC heap before
{Heap before GC invocations=29 (full 0):
 garbage-first heap   total 65536K, used 46704K [0x0000000082400000, 0x0000000100000000)
  region size 1024K, 15 young (15360K), 2 survivors (2048K)
 Metaspace       used 73512K, committed 74176K, reserved 1114112K
  class space    used 10560K, committed 10880K, reserved 1048576K
}
Event: 43.247 GC heap after
{Heap after GC invocations=30 (full 0):
 garbage-first heap   total 65536K, used 35388K [0x0000000082400000, 0x0000000100000000)
  region size 1024K, 2 young (2048K), 2 survivors (2048K)
 Metaspace       used 73512K, committed 74176K, reserved 1114112K
  class space    used 10560K, committed 10880K, reserved 1048576K
}
Event: 44.673 GC heap before
{Heap before GC invocations=30 (full 0):
 garbage-first heap   total 65536K, used 51772K [0x0000000082400000, 0x0000000100000000)
  region size 1024K, 19 young (19456K), 2 survivors (2048K)
 Metaspace       used 75121K, committed 75776K, reserved 1114112K
  class space    used 10783K, committed 11136K, reserved 1048576K
}
Event: 44.684 GC heap after
{Heap after GC invocations=31 (full 0):
 garbage-first heap   total 65536K, used 37646K [0x0000000082400000, 0x0000000100000000)
  region size 1024K, 3 young (3072K), 3 survivors (3072K)
 Metaspace       used 75121K, committed 75776K, reserved 1114112K
  class space    used 10783K, committed 11136K, reserved 1048576K
}
Event: 44.976 GC heap before
{Heap before GC invocations=32 (full 0):
 garbage-first heap   total 71680K, used 53006K [0x0000000082400000, 0x0000000100000000)
  region size 1024K, 18 young (18432K), 3 survivors (3072K)
 Metaspace       used 75123K, committed 75776K, reserved 1114112K
  class space    used 10783K, committed 11136K, reserved 1048576K
}
Event: 44.987 GC heap after
{Heap after GC invocations=33 (full 0):
 garbage-first heap   total 71680K, used 38712K [0x0000000082400000, 0x0000000100000000)
  region size 1024K, 1 young (1024K), 1 survivors (1024K)
 Metaspace       used 75123K, committed 75776K, reserved 1114112K
  class space    used 10783K, committed 11136K, reserved 1048576K
}
Event: 45.223 GC heap before
{Heap before GC invocations=33 (full 0):
 garbage-first heap   total 71680K, used 57144K [0x0000000082400000, 0x0000000100000000)
  region size 1024K, 19 young (19456K), 1 survivors (1024K)
 Metaspace       used 75153K, committed 75840K, reserved 1114112K
  class space    used 10791K, committed 11136K, reserved 1048576K
}
Event: 45.232 GC heap after
{Heap after GC invocations=34 (full 0):
 garbage-first heap   total 71680K, used 40745K [0x0000000082400000, 0x0000000100000000)
  region size 1024K, 3 young (3072K), 3 survivors (3072K)
 Metaspace       used 75153K, committed 75840K, reserved 1114112K
  class space    used 10791K, committed 11136K, reserved 1048576K
}
Event: 45.412 GC heap before
{Heap before GC invocations=35 (full 0):
 garbage-first heap   total 91136K, used 58153K [0x0000000082400000, 0x0000000100000000)
  region size 1024K, 20 young (20480K), 3 survivors (3072K)
 Metaspace       used 75153K, committed 75840K, reserved 1114112K
  class space    used 10791K, committed 11136K, reserved 1048576K
}
Event: 45.427 GC heap after
{Heap after GC invocations=36 (full 0):
 garbage-first heap   total 91136K, used 42870K [0x0000000082400000, 0x0000000100000000)
  region size 1024K, 3 young (3072K), 3 survivors (3072K)
 Metaspace       used 75153K, committed 75840K, reserved 1114112K
  class space    used 10791K, committed 11136K, reserved 1048576K
}
Event: 45.651 GC heap before
{Heap before GC invocations=36 (full 0):
 garbage-first heap   total 91136K, used 69494K [0x0000000082400000, 0x0000000100000000)
  region size 1024K, 29 young (29696K), 3 survivors (3072K)
 Metaspace       used 75157K, committed 75840K, reserved 1114112K
  class space    used 10791K, committed 11136K, reserved 1048576K
}
Event: 45.661 GC heap after
{Heap after GC invocations=37 (full 0):
 garbage-first heap   total 204800K, used 44019K [0x0000000082400000, 0x0000000100000000)
  region size 1024K, 1 young (1024K), 1 survivors (1024K)
 Metaspace       used 75157K, committed 75840K, reserved 1114112K
  class space    used 10791K, committed 11136K, reserved 1048576K
}

Dll operation events (10 events):
Event: 0.138 Loaded shared library C:\Program Files\Eclipse Adoptium\jdk-17.0.18.8-hotspot\bin\java.dll
Event: 0.561 Loaded shared library C:\Program Files\Eclipse Adoptium\jdk-17.0.18.8-hotspot\bin\jsvml.dll
Event: 1.901 Loaded shared library C:\Program Files\Eclipse Adoptium\jdk-17.0.18.8-hotspot\bin\net.dll
Event: 2.005 Loaded shared library C:\Program Files\Eclipse Adoptium\jdk-17.0.18.8-hotspot\bin\nio.dll
Event: 2.022 Loaded shared library C:\Program Files\Eclipse Adoptium\jdk-17.0.18.8-hotspot\bin\zip.dll
Event: 2.244 Loaded shared library C:\Program Files\Eclipse Adoptium\jdk-17.0.18.8-hotspot\bin\management.dll
Event: 2.299 Loaded shared library C:\Program Files\Eclipse Adoptium\jdk-17.0.18.8-hotspot\bin\management_ext.dll
Event: 2.381 Loaded shared library C:\Program Files\Eclipse Adoptium\jdk-17.0.18.8-hotspot\bin\jimage.dll
Event: 17.971 Loaded shared library C:\Program Files\Eclipse Adoptium\jdk-17.0.18.8-hotspot\bin\sunmscapi.dll
Event: 27.741 Loaded shared library C:\Program Files\Eclipse Adoptium\jdk-17.0.18.8-hotspot\bin\extnet.dll

Deoptimization events (20 events):
Event: 49.162 Thread 0x0000020c29391990 Uncommon trap: trap_request=0xffffff45 fr.pc=0x0000020c38bdddb4 relative=0x0000000000000094
Event: 49.162 Thread 0x0000020c29391990 Uncommon trap: reason=unstable_if action=reinterpret pc=0x0000020c38bdddb4 method=java.util.zip.ZipCoder$UTF8ZipCoder.hasTrailingSlash([BI)Z @ 11 c2
Event: 49.162 Thread 0x0000020c29391990 DEOPT PACKING pc=0x0000020c38bdddb4 sp=0x00000068053f7700
Event: 49.162 Thread 0x0000020c29391990 DEOPT UNPACKING pc=0x0000020c384869a3 sp=0x00000068053f7680 mode 2
Event: 49.976 Thread 0x0000020c29391990 Uncommon trap: trap_request=0xffffffbe fr.pc=0x0000020c38e6c2e8 relative=0x0000000000003648
Event: 49.976 Thread 0x0000020c29391990 Uncommon trap: reason=profile_predicate action=maybe_recompile pc=0x0000020c38e6c2e8 method=org.springframework.transaction.annotation.AnnotationTransactionAttributeSource.determineTransactionAttribute(Ljava/lang/reflect/AnnotatedElement;)Lorg/springframe
Event: 49.976 Thread 0x0000020c29391990 DEOPT PACKING pc=0x0000020c38e6c2e8 sp=0x00000068053f9c30
Event: 49.976 Thread 0x0000020c29391990 DEOPT UNPACKING pc=0x0000020c384869a3 sp=0x00000068053f9c70 mode 2
Event: 49.976 Thread 0x0000020c29391990 Uncommon trap: trap_request=0xffffffbe fr.pc=0x0000020c38e6c2e8 relative=0x0000000000003648
Event: 49.976 Thread 0x0000020c29391990 Uncommon trap: reason=profile_predicate action=maybe_recompile pc=0x0000020c38e6c2e8 method=org.springframework.transaction.annotation.AnnotationTransactionAttributeSource.determineTransactionAttribute(Ljava/lang/reflect/AnnotatedElement;)Lorg/springframe
Event: 49.976 Thread 0x0000020c29391990 DEOPT PACKING pc=0x0000020c38e6c2e8 sp=0x00000068053f9c30
Event: 49.976 Thread 0x0000020c29391990 DEOPT UNPACKING pc=0x0000020c384869a3 sp=0x00000068053f9c70 mode 2
Event: 49.977 Thread 0x0000020c29391990 Uncommon trap: trap_request=0xffffffbe fr.pc=0x0000020c38e6c2e8 relative=0x0000000000003648
Event: 49.977 Thread 0x0000020c29391990 Uncommon trap: reason=profile_predicate action=maybe_recompile pc=0x0000020c38e6c2e8 method=org.springframework.transaction.annotation.AnnotationTransactionAttributeSource.determineTransactionAttribute(Ljava/lang/reflect/AnnotatedElement;)Lorg/springframe
Event: 49.977 Thread 0x0000020c29391990 DEOPT PACKING pc=0x0000020c38e6c2e8 sp=0x00000068053f9c30
Event: 49.977 Thread 0x0000020c29391990 DEOPT UNPACKING pc=0x0000020c384869a3 sp=0x00000068053f9c70 mode 2
Event: 49.978 Thread 0x0000020c29391990 Uncommon trap: trap_request=0xffffffbe fr.pc=0x0000020c38e6c2e8 relative=0x0000000000003648
Event: 49.978 Thread 0x0000020c29391990 Uncommon trap: reason=profile_predicate action=maybe_recompile pc=0x0000020c38e6c2e8 method=org.springframework.transaction.annotation.AnnotationTransactionAttributeSource.determineTransactionAttribute(Ljava/lang/reflect/AnnotatedElement;)Lorg/springframe
Event: 49.978 Thread 0x0000020c29391990 DEOPT PACKING pc=0x0000020c38e6c2e8 sp=0x00000068053f9c30
Event: 49.978 Thread 0x0000020c29391990 DEOPT UNPACKING pc=0x0000020c384869a3 sp=0x00000068053f9c70 mode 2

Classes loaded (20 events):
Event: 40.400 Loading class sun/reflect/ReflectionFactory$1
Event: 40.401 Loading class sun/reflect/ReflectionFactory$1 done
Event: 40.401 Loading class java/io/OptionalDataException
Event: 40.410 Loading class java/io/OptionalDataException done
Event: 40.640 Loading class java/util/EnumMap$EntrySet
Event: 40.642 Loading class java/util/EnumMap$EntrySet done
Event: 40.642 Loading class java/util/EnumMap$EntryIterator
Event: 40.642 Loading class java/util/EnumMap$EnumMapIterator
Event: 40.642 Loading class java/util/EnumMap$EnumMapIterator done
Event: 40.642 Loading class java/util/EnumMap$EntryIterator done
Event: 41.072 Loading class java/util/EmptyStackException
Event: 41.073 Loading class java/util/EmptyStackException done
Event: 41.604 Loading class java/io/InvalidClassException
Event: 41.606 Loading class java/io/InvalidClassException done
Event: 48.248 Loading class java/nio/charset/UnsupportedCharsetException
Event: 48.249 Loading class java/nio/charset/UnsupportedCharsetException done
Event: 48.497 Loading class java/util/Comparators$NullComparator
Event: 48.499 Loading class java/util/Comparators$NullComparator done
Event: 48.558 Loading class sun/reflect/annotation/TypeAnnotation$TypeAnnotationTargetInfo
Event: 48.570 Loading class sun/reflect/annotation/TypeAnnotation$TypeAnnotationTargetInfo done

Classes unloaded (0 events):
No events

Classes redefined (0 events):
No events

Internal exceptions (20 events):
Event: 39.826 Thread 0x0000020c29391990 Exception <a 'java/lang/IncompatibleClassChangeError'{0x0000000086813280}: Found class java.lang.Object, but interface was expected> (0x0000000086813280) 
thrown [s\src\hotspot\share\interpreter\linkResolver.cpp, line 826]
Event: 39.827 Thread 0x0000020c29391990 Exception <a 'java/lang/IncompatibleClassChangeError'{0x0000000086819e48}: Found class java.lang.Object, but interface was expected> (0x0000000086819e48) 
thrown [s\src\hotspot\share\interpreter\linkResolver.cpp, line 826]
Event: 40.087 Thread 0x0000020c29391990 Exception <a 'java/lang/NoSuchMethodError'{0x00000000867fbcc8}: 'java.lang.Object java.lang.invoke.DirectMethodHandle$Holder.invokeStatic(java.lang.Object, int, java.lang.Object)'> (0x00000000867fbcc8) 
thrown [s\src\hotspot\share\interpreter\linkResolver.cpp, line 759]
Event: 40.119 Thread 0x0000020c29391990 Exception <a 'java/lang/reflect/InvocationTargetException'{0x0000000086646358}> (0x0000000086646358) 
thrown [s\src\hotspot\share\runtime\reflection.cpp, line 1128]
Event: 40.206 Thread 0x0000020c29391990 Exception <a 'java/lang/reflect/InvocationTargetException'{0x00000000866642d8}> (0x00000000866642d8) 
thrown [s\src\hotspot\share\runtime\reflection.cpp, line 1128]
Event: 40.307 Thread 0x0000020c29391990 Exception <a 'java/lang/NoSuchMethodError'{0x0000000086530290}: 'int java.lang.invoke.DirectMethodHandle$Holder.invokeStaticInit(java.lang.Object, int, java.lang.Object, java.lang.Object, java.lang.Object, java.lang.Object)'> (0x0000000086530290) 
thrown [s\src\hotspot\share\interpreter\linkResolver.cpp, line 759]
Event: 40.830 Thread 0x0000020c29391990 Exception <a 'java/lang/reflect/InvocationTargetException'{0x0000000084f9fe90}> (0x0000000084f9fe90) 
thrown [s\src\hotspot\share\runtime\reflection.cpp, line 1128]
Event: 40.844 Thread 0x0000020c29391990 Exception <a 'java/lang/reflect/InvocationTargetException'{0x0000000084fc16f0}> (0x0000000084fc16f0) 
thrown [s\src\hotspot\share\runtime\reflection.cpp, line 1128]
Event: 40.858 Thread 0x0000020c29391990 Exception <a 'java/lang/reflect/InvocationTargetException'{0x0000000084ffb050}> (0x0000000084ffb050) 
thrown [s\src\hotspot\share\runtime\reflection.cpp, line 1128]
Event: 44.072 Thread 0x0000020c29391990 Exception <a 'java/lang/reflect/InvocationTargetException'{0x00000000862ecf50}> (0x00000000862ecf50) 
thrown [s\src\hotspot\share\runtime\reflection.cpp, line 1128]
Event: 44.160 Thread 0x0000020c29391990 Exception <a 'java/lang/reflect/InvocationTargetException'{0x0000000085bd9150}> (0x0000000085bd9150) 
thrown [s\src\hotspot\share\runtime\reflection.cpp, line 1128]
Event: 44.176 Thread 0x0000020c29391990 Exception <a 'java/lang/reflect/InvocationTargetException'{0x0000000085be8fc8}> (0x0000000085be8fc8) 
thrown [s\src\hotspot\share\runtime\reflection.cpp, line 1128]
Event: 44.184 Thread 0x0000020c29391990 Exception <a 'java/lang/reflect/InvocationTargetException'{0x0000000085bf43d8}> (0x0000000085bf43d8) 
thrown [s\src\hotspot\share\runtime\reflection.cpp, line 1128]
Event: 44.202 Thread 0x0000020c29391990 Exception <a 'java/lang/reflect/InvocationTargetException'{0x0000000085a05f58}> (0x0000000085a05f58) 
thrown [s\src\hotspot\share\runtime\reflection.cpp, line 1128]
Event: 44.256 Thread 0x0000020c29391990 Exception <a 'java/lang/reflect/InvocationTargetException'{0x0000000085a11de0}> (0x0000000085a11de0) 
thrown [s\src\hotspot\share\runtime\reflection.cpp, line 1128]
Event: 44.472 Thread 0x0000020c29391990 Exception <a 'java/lang/reflect/InvocationTargetException'{0x00000000859ddf90}> (0x00000000859ddf90) 
thrown [s\src\hotspot\share\runtime\reflection.cpp, line 1128]
Event: 44.475 Thread 0x0000020c29391990 Exception <a 'java/lang/reflect/InvocationTargetException'{0x00000000859f0bc0}> (0x00000000859f0bc0) 
thrown [s\src\hotspot\share\runtime\reflection.cpp, line 1128]
Event: 44.484 Thread 0x0000020c29391990 Exception <a 'java/lang/reflect/InvocationTargetException'{0x00000000858026f0}> (0x00000000858026f0) 
thrown [s\src\hotspot\share\runtime\reflection.cpp, line 1128]
Event: 44.490 Thread 0x0000020c29391990 Exception <a 'java/lang/reflect/InvocationTargetException'{0x0000000085819410}> (0x0000000085819410) 
thrown [s\src\hotspot\share\runtime\reflection.cpp, line 1128]
Event: 49.053 Thread 0x0000020c29391990 Exception <a 'java/lang/IncompatibleClassChangeError'{0x0000000089be37e0}: Found class java.lang.Object, but interface was expected> (0x0000000089be37e0) 
thrown [s\src\hotspot\share\interpreter\linkResolver.cpp, line 826]

VM Operations (20 events):
Event: 45.651 Executing VM operation: G1CollectForAllocation
Event: 45.661 Executing VM operation: G1CollectForAllocation done
Event: 46.667 Executing VM operation: Cleanup
Event: 46.668 Executing VM operation: Cleanup done
Event: 47.682 Executing VM operation: Cleanup
Event: 47.682 Executing VM operation: Cleanup done
Event: 48.272 Executing VM operation: HandshakeAllThreads
Event: 48.272 Executing VM operation: HandshakeAllThreads done
Event: 48.432 Executing VM operation: HandshakeAllThreads
Event: 48.432 Executing VM operation: HandshakeAllThreads done
Event: 48.548 Executing VM operation: HandshakeAllThreads
Event: 48.548 Executing VM operation: HandshakeAllThreads done
Event: 48.549 Executing VM operation: HandshakeAllThreads
Event: 48.549 Executing VM operation: HandshakeAllThreads done
Event: 49.137 Executing VM operation: HandshakeAllThreads
Event: 49.137 Executing VM operation: HandshakeAllThreads done
Event: 49.137 Executing VM operation: Cleanup
Event: 49.138 Executing VM operation: Cleanup done
Event: 49.273 Executing VM operation: HandshakeAllThreads
Event: 49.273 Executing VM operation: HandshakeAllThreads done

Memory protections (0 events):
No events

Nmethod flushes (20 events):
Event: 28.962 Thread 0x0000020c8c008070 flushing  nmethod 0x0000020c317d3510
Event: 28.962 Thread 0x0000020c8c008070 flushing  nmethod 0x0000020c317f4910
Event: 28.962 Thread 0x0000020c8c008070 flushing  nmethod 0x0000020c317fe390
Event: 28.962 Thread 0x0000020c8c008070 flushing  nmethod 0x0000020c31807310
Event: 28.962 Thread 0x0000020c8c008070 flushing  nmethod 0x0000020c31821910
Event: 28.962 Thread 0x0000020c8c008070 flushing  nmethod 0x0000020c31826d90
Event: 28.962 Thread 0x0000020c8c008070 flushing  nmethod 0x0000020c31827710
Event: 28.962 Thread 0x0000020c8c008070 flushing  nmethod 0x0000020c31840f90
Event: 28.963 Thread 0x0000020c8c008070 flushing  nmethod 0x0000020c3189d990
Event: 28.963 Thread 0x0000020c8c008070 flushing  nmethod 0x0000020c318a9610
Event: 28.963 Thread 0x0000020c8c008070 flushing  nmethod 0x0000020c318ef790
Event: 28.963 Thread 0x0000020c8c008070 flushing  nmethod 0x0000020c31903c90
Event: 28.963 Thread 0x0000020c8c008070 flushing  nmethod 0x0000020c3190f790
Event: 28.963 Thread 0x0000020c8c008070 flushing  nmethod 0x0000020c31914790
Event: 28.963 Thread 0x0000020c8c008070 flushing  nmethod 0x0000020c31917f90
Event: 28.963 Thread 0x0000020c8c008070 flushing  nmethod 0x0000020c31919d10
Event: 28.963 Thread 0x0000020c8c008070 flushing  nmethod 0x0000020c3191bd90
Event: 28.963 Thread 0x0000020c8c008070 flushing  nmethod 0x0000020c3191eb90
Event: 28.963 Thread 0x0000020c8c008070 flushing osr nmethod 0x0000020c3192c310
Event: 43.066 Thread 0x0000020c8c008070 flushing  nmethod 0x0000020c318f4e90

Events (20 events):
Event: 0.956 Thread 0x0000020c29391990 Thread added: 0x0000020c46e502d0
Event: 1.223 Thread 0x0000020c29391990 Thread added: 0x0000020c46e67ee0
Event: 1.223 Thread 0x0000020c29391990 Thread added: 0x0000020c46e6afe0
Event: 1.224 Thread 0x0000020c29391990 Thread added: 0x0000020c46e6b8b0
Event: 1.224 Thread 0x0000020c29391990 Thread added: 0x0000020c46e6c180
Event: 1.224 Thread 0x0000020c29391990 Thread added: 0x0000020c46e6f650
Event: 1.321 Thread 0x0000020c29391990 Thread added: 0x0000020c46e70010
Event: 1.529 Thread 0x0000020c29391990 Thread added: 0x0000020c8c008070
Event: 1.823 Thread 0x0000020c29391990 Thread added: 0x0000020c8c05ac80
Event: 1.828 Thread 0x0000020c29391990 Thread added: 0x0000020c8c05fc20
Event: 3.262 Thread 0x0000020c29391990 Thread added: 0x0000020c8c1ff6f0
Event: 3.300 Thread 0x0000020c29391990 Thread added: 0x0000020c8c3fa820
Event: 12.101 Thread 0x0000020c29391990 Thread added: 0x0000020c8c938080
Event: 14.243 Thread 0x0000020c29391990 Thread added: 0x0000020c8c9394c0
Event: 14.825 Thread 0x0000020c8c9394c0 Thread exited: 0x0000020c8c9394c0
Event: 18.020 Thread 0x0000020c8c938080 Thread exited: 0x0000020c8c938080
Event: 28.511 Thread 0x0000020c29391990 Thread added: 0x0000020c8e098120
Event: 28.544 Thread 0x0000020c29391990 Thread added: 0x0000020c8e098630
Event: 28.698 Thread 0x0000020c8e098630 Thread added: 0x0000020c8e099560
Event: 34.759 Thread 0x0000020c8e099560 Thread exited: 0x0000020c8e099560


Dynamic libraries:
0x00007ff768df0000 - 0x00007ff768dfe000 	C:\Program Files\Eclipse Adoptium\jdk-17.0.18.8-hotspot\bin\java.exe
0x00007ffe47710000 - 0x00007ffe47908000 	C:\Windows\SYSTEM32\ntdll.dll
0x00007ffe45740000 - 0x00007ffe45802000 	C:\Windows\System32\KERNEL32.DLL
0x00007ffe450e0000 - 0x00007ffe453d6000 	C:\Windows\System32\KERNELBASE.dll
0x00007ffe44e80000 - 0x00007ffe44f80000 	C:\Windows\System32\ucrtbase.dll
0x00007ffe38290000 - 0x00007ffe382a8000 	C:\Program Files\Eclipse Adoptium\jdk-17.0.18.8-hotspot\bin\jli.dll
0x00007ffe45ce0000 - 0x00007ffe45e81000 	C:\Windows\System32\USER32.dll
0x00007ffe45530000 - 0x00007ffe45552000 	C:\Windows\System32\win32u.dll
0x00007ffe46d00000 - 0x00007ffe46d2b000 	C:\Windows\System32\GDI32.dll
0x00007ffe45560000 - 0x00007ffe45679000 	C:\Windows\System32\gdi32full.dll
0x00007ffe453e0000 - 0x00007ffe4547d000 	C:\Windows\System32\msvcp_win.dll
0x00007ffe3bdb0000 - 0x00007ffe3c04b000 	C:\Windows\WinSxS\amd64_microsoft.windows.common-controls_6595b64144ccf1df_6.0.19041.6456_none_60b8a6cb71f64256\COMCTL32.dll
0x00007ffe46a00000 - 0x00007ffe46a9e000 	C:\Windows\System32\msvcrt.dll
0x00007ffe045f0000 - 0x00007ffe0460e000 	C:\Program Files\Eclipse Adoptium\jdk-17.0.18.8-hotspot\bin\VCRUNTIME140.dll
0x00007ffe45e90000 - 0x00007ffe45ebf000 	C:\Windows\System32\IMM32.DLL
0x00007ffe40460000 - 0x00007ffe4046c000 	C:\Program Files\Eclipse Adoptium\jdk-17.0.18.8-hotspot\bin\vcruntime140_1.dll
0x00007ffe04010000 - 0x00007ffe0409d000 	C:\Program Files\Eclipse Adoptium\jdk-17.0.18.8-hotspot\bin\msvcp140.dll
0x00007ffda4e30000 - 0x00007ffda5a9b000 	C:\Program Files\Eclipse Adoptium\jdk-17.0.18.8-hotspot\bin\server\jvm.dll
0x00007ffe45810000 - 0x00007ffe458c1000 	C:\Windows\System32\ADVAPI32.dll
0x00007ffe46c60000 - 0x00007ffe46cff000 	C:\Windows\System32\sechost.dll
0x00007ffe47550000 - 0x00007ffe47670000 	C:\Windows\System32\RPCRT4.dll
0x00007ffe45500000 - 0x00007ffe45527000 	C:\Windows\System32\bcrypt.dll
0x00007ffe462f0000 - 0x00007ffe4635b000 	C:\Windows\System32\WS2_32.dll
0x00007ffe44330000 - 0x00007ffe4437b000 	C:\Windows\SYSTEM32\POWRPROF.dll
0x00007ffe2f520000 - 0x00007ffe2f547000 	C:\Windows\SYSTEM32\WINMM.dll
0x00007ffe3f760000 - 0x00007ffe3f76a000 	C:\Windows\SYSTEM32\VERSION.dll
0x00007ffe441a0000 - 0x00007ffe441b2000 	C:\Windows\SYSTEM32\UMPDC.dll
0x00007ffe435b0000 - 0x00007ffe435c2000 	C:\Windows\SYSTEM32\kernel.appcore.dll
0x00007ffe3f320000 - 0x00007ffe3f32a000 	C:\Program Files\Eclipse Adoptium\jdk-17.0.18.8-hotspot\bin\jimage.dll
0x00007ffe42160000 - 0x00007ffe42361000 	C:\Windows\SYSTEM32\DBGHELP.DLL
0x00007ffe17d40000 - 0x00007ffe17d74000 	C:\Windows\SYSTEM32\dbgcore.DLL
0x00007ffe44da0000 - 0x00007ffe44e22000 	C:\Windows\System32\bcryptPrimitives.dll
0x00007ffe01180000 - 0x00007ffe011a5000 	C:\Program Files\Eclipse Adoptium\jdk-17.0.18.8-hotspot\bin\java.dll
0x00007ffdfd720000 - 0x00007ffdfd7f7000 	C:\Program Files\Eclipse Adoptium\jdk-17.0.18.8-hotspot\bin\jsvml.dll
0x00007ffe46de0000 - 0x00007ffe47550000 	C:\Windows\System32\SHELL32.dll
0x00007ffe42dc0000 - 0x00007ffe43565000 	C:\Windows\SYSTEM32\windows.storage.dll
0x00007ffe45f90000 - 0x00007ffe462e4000 	C:\Windows\System32\combase.dll
0x00007ffe447d0000 - 0x00007ffe447fb000 	C:\Windows\SYSTEM32\Wldp.dll
0x00007ffe45ec0000 - 0x00007ffe45f8d000 	C:\Windows\System32\OLEAUT32.dll
0x00007ffe46d30000 - 0x00007ffe46ddd000 	C:\Windows\System32\SHCORE.dll
0x00007ffe45a70000 - 0x00007ffe45acb000 	C:\Windows\System32\shlwapi.dll
0x00007ffe44cd0000 - 0x00007ffe44cf4000 	C:\Windows\SYSTEM32\profapi.dll
0x00007ffe045d0000 - 0x00007ffe045ea000 	C:\Program Files\Eclipse Adoptium\jdk-17.0.18.8-hotspot\bin\net.dll
0x00007ffe41e80000 - 0x00007ffe41f8a000 	C:\Windows\SYSTEM32\WINHTTP.dll
0x00007ffe44530000 - 0x00007ffe4459a000 	C:\Windows\system32\mswsock.dll
0x00007ffe00a40000 - 0x00007ffe00a56000 	C:\Program Files\Eclipse Adoptium\jdk-17.0.18.8-hotspot\bin\nio.dll
0x00007ffe00a20000 - 0x00007ffe00a38000 	C:\Program Files\Eclipse Adoptium\jdk-17.0.18.8-hotspot\bin\zip.dll
0x00007ffe005b0000 - 0x00007ffe005ba000 	C:\Program Files\Eclipse Adoptium\jdk-17.0.18.8-hotspot\bin\management.dll
0x00007ffe005a0000 - 0x00007ffe005ac000 	C:\Program Files\Eclipse Adoptium\jdk-17.0.18.8-hotspot\bin\management_ext.dll
0x00007ffe45cd0000 - 0x00007ffe45cd8000 	C:\Windows\System32\PSAPI.DLL
0x00007ffe38280000 - 0x00007ffe3828e000 	C:\Program Files\Eclipse Adoptium\jdk-17.0.18.8-hotspot\bin\sunmscapi.dll
0x00007ffe44f80000 - 0x00007ffe450dd000 	C:\Windows\System32\CRYPT32.dll
0x00007ffe44840000 - 0x00007ffe44867000 	C:\Windows\SYSTEM32\ncrypt.dll
0x00007ffe44800000 - 0x00007ffe4483b000 	C:\Windows\SYSTEM32\NTASN1.dll
0x00007ffe44730000 - 0x00007ffe44748000 	C:\Windows\SYSTEM32\CRYPTSP.dll
0x00007ffe43de0000 - 0x00007ffe43e18000 	C:\Windows\system32\rsaenh.dll
0x00007ffe44c90000 - 0x00007ffe44cbe000 	C:\Windows\SYSTEM32\USERENV.dll
0x00007ffe44720000 - 0x00007ffe4472c000 	C:\Windows\SYSTEM32\CRYPTBASE.dll
0x00007ffe441c0000 - 0x00007ffe441fb000 	C:\Windows\SYSTEM32\IPHLPAPI.DLL
0x00007ffe45730000 - 0x00007ffe45738000 	C:\Windows\System32\NSI.dll
0x00007ffe3b8a0000 - 0x00007ffe3b8b7000 	C:\Windows\SYSTEM32\dhcpcsvc6.DLL
0x00007ffe40150000 - 0x00007ffe4016d000 	C:\Windows\SYSTEM32\dhcpcsvc.DLL
0x00007ffe44200000 - 0x00007ffe442ca000 	C:\Windows\SYSTEM32\DNSAPI.dll
0x00007ffe371e0000 - 0x00007ffe371ea000 	C:\Windows\System32\rasadhlp.dll
0x00007ffe39c90000 - 0x00007ffe39d10000 	C:\Windows\System32\fwpuclnt.dll
0x00007ffe00ac0000 - 0x00007ffe00ac9000 	C:\Program Files\Eclipse Adoptium\jdk-17.0.18.8-hotspot\bin\extnet.dll

dbghelp: loaded successfully - version: 4.0.5 - missing functions: none
symbol engine: initialized successfully - sym options: 0x614 - pdb path: .;C:\Program Files\Eclipse Adoptium\jdk-17.0.18.8-hotspot\bin;C:\Windows\SYSTEM32;C:\Windows\WinSxS\amd64_microsoft.windows.common-controls_6595b64144ccf1df_6.0.19041.6456_none_60b8a6cb71f64256;C:\Program Files\Eclipse Adoptium\jdk-17.0.18.8-hotspot\bin\server

VM Arguments:
java_command: C:\Users\Lenovo\AppData\Local\Temp\surefire18290615667298129132\surefirebooter-20260610180625994_3.jar C:\Users\Lenovo\AppData\Local\Temp\surefire18290615667298129132 2026-06-10T18-06-23_242-jvmRun1 surefire-20260610180625994_1tmp surefire_0-20260610180625994_2tmp
java_class_path (initial): C:\Users\Lenovo\AppData\Local\Temp\surefire18290615667298129132\surefirebooter-20260610180625994_3.jar
Launcher Type: SUN_STANDARD

[Global flags]
     intx CICompilerCount                          = 3                                         {product} {ergonomic}
     uint ConcGCThreads                            = 1                                         {product} {ergonomic}
     uint G1ConcRefinementThreads                  = 4                                         {product} {ergonomic}
   size_t G1HeapRegionSize                         = 1048576                                   {product} {ergonomic}
    uintx GCDrainStackTargetSize                   = 64                                        {product} {ergonomic}
   size_t InitialHeapSize                          = 132120576                                 {product} {ergonomic}
   size_t MarkStackSize                            = 4194304                                   {product} {ergonomic}
   size_t MaxHeapSize                              = 2109734912                                {product} {ergonomic}
   size_t MaxNewSize                               = 1265631232                                {product} {ergonomic}
   size_t MinHeapDeltaBytes                        = 1048576                                   {product} {ergonomic}
   size_t MinHeapSize                              = 8388608                                   {product} {ergonomic}
    uintx NonNMethodCodeHeapSize                   = 5832780                                {pd product} {ergonomic}
    uintx NonProfiledCodeHeapSize                  = 122912730                              {pd product} {ergonomic}
    uintx ProfiledCodeHeapSize                     = 122912730                              {pd product} {ergonomic}
    uintx ReservedCodeCacheSize                    = 251658240                              {pd product} {ergonomic}
     bool SegmentedCodeCache                       = true                                      {product} {ergonomic}
   size_t SoftMaxHeapSize                          = 2109734912                             {manageable} {ergonomic}
     bool UseCompressedClassPointers               = true                           {product lp64_product} {ergonomic}
     bool UseCompressedOops                        = true                           {product lp64_product} {ergonomic}
     bool UseG1GC                                  = true                                      {product} {ergonomic}
     bool UseLargePagesIndividualAllocation        = false                                  {pd product} {ergonomic}

Logging:
Log output configuration:
 #0: stdout all=warning uptime,level,tags
 #1: stderr all=off uptime,level,tags

Environment Variables:
PATH=c:\Users\Lenovo\AppData\Local\Programs\cursor\resources\app\node_modules\@vscode\ripgrep\bin;C:\Python314\Scripts\;C:\Python314\;C:\Program Files\Eclipse Adoptium\jdk-17.0.18.8-hotspot\bin;C:\Windows\system32;C:\Windows;C:\Windows\System32\Wbem;C:\Windows\System32\WindowsPowerShell\v1.0\;C:\Windows\System32\OpenSSH\;C:\Program Files\Intel\WiFi\bin\;C:\Program Files\Common Files\Intel\WirelessCommon\;C:\Program Files\Git\cmd;C:\Program Files\PostgreSQL\17\bin;C:\Program Files\nodejs\;C:\ProgramData\chocolatey\bin;C:\Users\Lenovo\AppData\Local\Microsoft\WindowsApps;C:\Users\Lenovo\AppData\Local\Programs\Microsoft VS Code\bin;C:\Program Files\JetBrains\IntelliJ IDEA 2026.1\bin;C:\Users\Lenovo\AppData\Local\Programs\cursor\resources\app\bin;C:\Program Files\nodejs;C:\Users\Lenovo\AppData\Local\Android\Sdk\platform-tools;C:\Users\Lenovo\AppData\Local\Android\Sdk\cmdline-tools\latest\bin;C:\Users\Lenovo\AppData\Local\Android\Sdk\emulator;C:\Program Files\PostgreSQL\17\bin;C:\Users\Lenovo\AppData\Roaming\npm
USERNAME=Lenovo
TERM=dumb
OS=Windows_NT
PROCESSOR_IDENTIFIER=Intel64 Family 6 Model 142 Stepping 9, GenuineIntel
TMP=C:\Users\Lenovo\AppData\Local\Temp
TEMP=C:\Users\Lenovo\AppData\Local\Temp



Periodic native trim disabled


---------------  S Y S T E M  ---------------

OS:
 Windows 10 , 64 bit Build 19041 (10.0.19041.5915)
OS uptime: 0 days 12:49 hours

CPU: total 4 (initial active 4) (2 cores per cpu, 2 threads per core) family 6 model 142 stepping 9 microcode 0xb4, cx8, cmov, fxsr, ht, mmx, 3dnowpref, sse, sse2, sse3, ssse3, sse4.1, sse4.2, popcnt, lzcnt, tsc, tscinvbit, avx, avx2, aes, erms, clmul, bmi1, bmi2, adx, fma, vzeroupper, clflush, clflushopt
Processor Information for all 4 processors :
  Max Mhz: 2701, Current Mhz: 2701, Mhz Limit: 2701

Memory: 4k page, system-wide physical 8046M (64M free)
TotalPageFile size 25990M (AvailPageFile size 17M)
current process WorkingSet (physical memory assigned to process): 333M, peak: 333M
current process commit charge ("private bytes"): 434M, peak: 437M

vm_info: OpenJDK 64-Bit Server VM (17.0.18+8) for windows-amd64 JRE (17.0.18+8), built on Jan 20 2026 22:28:22 by "admin" with MS VC++ 17.12 (VS2022)

END.
